<?xml version="1.0" encoding="UTF-8"?>
<!-- Generated by org.testng.reporters.JUnitReportReporter -->
<testsuite hostname="Aji" failures="0" tests="1" name="ThroneWeb.Footer" time="37.988" errors="0" timestamp="2023-05-01T09:17:35 IST" skipped="0">
  <testcase classname="ThroneWeb.Footer" name="firsttry" time="37.988"/>
  <system-out/>
</testsuite> <!-- ThroneWeb.Footer -->
